Using pre-set license
Built from '2022.3/staging' branch; Version is '2022.3.11f1 (d00248457e15) revision 13632072'; Using compiler version '192829333'; Build Type 'Release'
OS: 'Windows 10  (10.0.19045) 64bit Education' Language: 'en' Physical Memory: 8127 MB
BatchMode: 1, IsHumanControllingUs: 0, StartBugReporterOnCrash: 0, Is64bit: 1, IsPro: 1

COMMAND LINE ARGUMENTS:
C:\Program Files\Unity\Hub\Editor\2022.3.11f1\Editor\Unity.exe
-adb2
-batchMode
-noUpm
-name
AssetImportWorker0
-projectPath
C:/Users/538585/Game
-logFile
Logs/AssetImportWorker0.log
-srvPort
53783
Successfully changed project path to: C:/Users/538585/Game
C:/Users/538585/Game
[UnityMemory] Configuration Parameters - Can be set up in boot.config
    "memorysetup-bucket-allocator-granularity=16"
    "memorysetup-bucket-allocator-bucket-count=8"
    "memorysetup-bucket-allocator-block-size=33554432"
    "memorysetup-bucket-allocator-block-count=8"
    "memorysetup-main-allocator-block-size=16777216"
    "memorysetup-thread-allocator-block-size=16777216"
    "memorysetup-gfx-main-allocator-block-size=16777216"
    "memorysetup-gfx-thread-allocator-block-size=16777216"
    "memorysetup-cache-allocator-block-size=4194304"
    "memorysetup-typetree-allocator-block-size=2097152"
    "memorysetup-profiler-bucket-allocator-granularity=16"
    "memorysetup-profiler-bucket-allocator-bucket-count=8"
    "memorysetup-profiler-bucket-allocator-block-size=33554432"
    "memorysetup-profiler-bucket-allocator-block-count=8"
    "memorysetup-profiler-allocator-block-size=16777216"
    "memorysetup-profiler-editor-allocator-block-size=1048576"
    "memorysetup-temp-allocator-size-main=16777216"
    "memorysetup-job-temp-allocator-block-size=2097152"
    "memorysetup-job-temp-allocator-block-size-background=1048576"
    "memorysetup-job-temp-allocator-reduction-small-platforms=262144"
    "memorysetup-allocator-temp-initial-block-size-main=262144"
    "memorysetup-allocator-temp-initial-block-size-worker=262144"
    "memorysetup-temp-allocator-size-background-worker=32768"
    "memorysetup-temp-allocator-size-job-worker=262144"
    "memorysetup-temp-allocator-size-preload-manager=33554432"
    "memorysetup-temp-allocator-size-nav-mesh-worker=65536"
    "memorysetup-temp-allocator-size-audio-worker=65536"
    "memorysetup-temp-allocator-size-cloud-worker=32768"
    "memorysetup-temp-allocator-size-gi-baking-worker=262144"
    "memorysetup-temp-allocator-size-gfx=262144"
Player connection [4068] Host "[IP] 172.27.172.58 [Port] 0 [Flags] 2 [Guid] 3641460239 [EditorId] 3641460239 [Version] 1048832 [Id] WindowsEditor(7,L-CB346-21221X) [Debug] 1 [PackageName] WindowsEditor [ProjectName] Editor" joined multi-casting on [225.0.0.222:54997]...

Player connection [4068] Host "[IP] 172.27.172.58 [Port] 0 [Flags] 2 [Guid] 3641460239 [EditorId] 3641460239 [Version] 1048832 [Id] WindowsEditor(7,L-CB346-21221X) [Debug] 1 [PackageName] WindowsEditor [ProjectName] Editor" joined alternative multi-casting on [225.0.0.222:34997]...

[Physics::Module] Initialized MultithreadedJobDispatcher with 7 workers.
Refreshing native plugins compatible for Editor in 92.76 ms, found 4 plugins.
Preloading 0 native plugins for Editor in 0.00 ms.
Initialize engine version: 2022.3.11f1 (d00248457e15)
[Subsystems] Discovering subsystems at path C:/Program Files/Unity/Hub/Editor/2022.3.11f1/Editor/Data/Resources/UnitySubsystems
[Subsystems] Discovering subsystems at path C:/Users/538585/Game/Assets
GfxDevice: creating device client; threaded=0; jobified=0
Direct3D:
    Version:  Direct3D 11.0 [level 11.1]
    Renderer: NVIDIA GeForce GTX 1650 (ID=0x1f82)
    Vendor:   NVIDIA
    VRAM:     3949 MB
    Driver:   31.0.15.3623
Initialize mono
Mono path[0] = 'C:/Program Files/Unity/Hub/Editor/2022.3.11f1/Editor/Data/Managed'
Mono path[1] = 'C:/Program Files/Unity/Hub/Editor/2022.3.11f1/Editor/Data/MonoBleedingEdge/lib/mono/unityjit-win32'
Mono config path = 'C:/Program Files/Unity/Hub/Editor/2022.3.11f1/Editor/Data/MonoBleedingEdge/etc'
Using monoOptions --debugger-agent=transport=dt_socket,embedding=1,server=y,suspend=n,address=127.0.0.1:56704
Begin MonoManager ReloadAssembly
Registering precompiled unity dll's ...
Register platform support module: C:/Program Files/Unity/Hub/Editor/2022.3.11f1/Editor/Data/PlaybackEngines/WindowsStandaloneSupport/UnityEditor.WindowsStandalone.Extensions.dll
Registered in 0.146707 seconds.
- Loaded All Assemblies, in  2.280 seconds
Native extension for WindowsStandalone target not found
Mono: successfully reloaded assembly
- Finished resetting the current domain, in  0.618 seconds
Domain Reload Profiling: 2893ms
	BeginReloadAssembly (706ms)
		ExecutionOrderSort (0ms)
		DisableScriptedObjects (0ms)
		BackupInstance (0ms)
		ReleaseScriptingObjects (0ms)
		CreateAndSetChildDomain (2ms)
	RebuildCommonClasses (54ms)
	RebuildNativeTypeToScriptingClass (56ms)
	initialDomainReloadingComplete (337ms)
	LoadAllAssembliesAndSetupDomain (1121ms)
		LoadAssemblies (697ms)
		RebuildTransferFunctionScriptingTraits (0ms)
		AnalyzeDomain (919ms)
			TypeCache.Refresh (903ms)
				TypeCache.ScanAssembly (863ms)
			ScanForSourceGeneratedMonoScriptInfo (1ms)
			ResolveRequiredComponents (14ms)
	FinalizeReload (619ms)
		ReleaseScriptCaches (0ms)
		RebuildScriptCaches (0ms)
		SetupLoadedEditorAssemblies (460ms)
			LogAssemblyErrors (0ms)
			InitializePlatformSupportModulesInManaged (62ms)
			SetLoadedEditorAssemblies (13ms)
			RefreshPlugins (0ms)
			BeforeProcessingInitializeOnLoad (5ms)
			ProcessInitializeOnLoadAttributes (283ms)
			ProcessInitializeOnLoadMethodAttributes (97ms)
			AfterProcessingInitializeOnLoad (0ms)
			EditorAssembliesLoaded (0ms)
		ExecutionOrderSort2 (0ms)
		AwakeInstancesAfterBackupRestoration (0ms)
========================================================================
Worker process is ready to serve import requests
Begin MonoManager ReloadAssembly
Symbol file LoadedFromMemory doesn't match image C:\Users\538585\Game\Library\PackageCache\com.unity.visualscripting@1.8.0\Editor\VisualScripting.Core\Dependencies\YamlDotNet\Unity.VisualScripting.YamlDotNet.dll
Symbol file LoadedFromMemory doesn't match image C:\Users\538585\Game\Library\PackageCache\com.unity.visualscripting@1.8.0\Editor\VisualScripting.Core\Dependencies\DotNetZip\Unity.VisualScripting.IonicZip.dll
- Loaded All Assemblies, in  4.331 seconds
Refreshing native plugins compatible for Editor in 405.60 ms, found 4 plugins.
Native extension for WindowsStandalone target not found
Mono: successfully reloaded assembly
- Finished resetting the current domain, in  0.981 seconds
Domain Reload Profiling: 5298ms
	BeginReloadAssembly (257ms)
		ExecutionOrderSort (0ms)
		DisableScriptedObjects (8ms)
		BackupInstance (0ms)
		ReleaseScriptingObjects (0ms)
		CreateAndSetChildDomain (31ms)
	RebuildCommonClasses (55ms)
	RebuildNativeTypeToScriptingClass (13ms)
	initialDomainReloadingComplete (88ms)
	LoadAllAssembliesAndSetupDomain (3903ms)
		LoadAssemblies (3643ms)
		RebuildTransferFunctionScriptingTraits (0ms)
		AnalyzeDomain (422ms)
			TypeCache.Refresh (290ms)
				TypeCache.ScanAssembly (245ms)
			ScanForSourceGeneratedMonoScriptInfo (106ms)
			ResolveRequiredComponents (22ms)
	FinalizeReload (983ms)
		ReleaseScriptCaches (0ms)
		RebuildScriptCaches (0ms)
		SetupLoadedEditorAssemblies (704ms)
			LogAssemblyErrors (0ms)
			InitializePlatformSupportModulesInManaged (16ms)
			SetLoadedEditorAssemblies (6ms)
			RefreshPlugins (0ms)
			BeforeProcessingInitializeOnLoad (139ms)
			ProcessInitializeOnLoadAttributes (458ms)
			ProcessInitializeOnLoadMethodAttributes (65ms)
			AfterProcessingInitializeOnLoad (20ms)
			EditorAssembliesLoaded (0ms)
		ExecutionOrderSort2 (0ms)
		AwakeInstancesAfterBackupRestoration (11ms)
Launched and connected shader compiler UnityShaderCompiler.exe after 0.13 seconds
Refreshing native plugins compatible for Editor in 16.59 ms, found 4 plugins.
Preloading 0 native plugins for Editor in 0.00 ms.
Unloading 4265 Unused Serialized files (Serialized files now loaded: 0)
Unloading 76 unused Assets / (134.9 KB). Loaded Objects now: 4727.
Memory consumption went from 148.4 MB to 148.3 MB.
Total: 9.153800 ms (FindLiveObjects: 1.406300 ms CreateObjectMapping: 0.651000 ms MarkObjects: 6.856700 ms  DeleteObjects: 0.238100 ms)

AssetImportParameters requested are different than current active one (requested -> active):
  custom:container-demuxer-ogg: 62fdf1f143b41e24485cea50d1cbac27 -> 
  custom:video-decoder-ogg-theora: a1e56fd34408186e4bbccfd4996cb3dc -> 
  custom:framework-win-MediaFoundation: 216162199b28c13a410421893ffa2e32 -> 
  custom:container-demuxer-webm: 4f35f7cbe854078d1ac9338744f61a02 -> 
  custom:container-muxer-webm: aa71ff27fc2769a1b78a27578f13a17b -> 
  custom:video-decoder-webm-vp8: 9c59270c3fd7afecdb556c50c9e8de78 -> 
  custom:AudioImporter_EditorPlatform: d09bf68614088b80899f8185d706f6e7 -> 
  custom:video-encoder-webm-vp8: eb34c28f22e8b96e1ab97ce403110664 -> 
  custom:audio-decoder-ogg-vorbis: bf7c407c2cedff20999df2af8eb42d56 -> 
  custom:audio-encoder-webm-vorbis: bf7c407c2cedff20999df2af8eb42d56 -> 
========================================================================
Received Import Request.
  Time since last request: 543.635094 seconds.
  path: Assets/Textures/Grid/Broken Goober Grass_1.png
  artifactKey: Guid(268ebd929201c4447a07b24cdbd6922b) Importer(815301076,1909f56bfc062723c751e8b465ee728b)
Start importing Assets/Textures/Grid/Broken Goober Grass_1.png using Guid(268ebd929201c4447a07b24cdbd6922b) Importer(815301076,1909f56bfc062723c751e8b465ee728b)  -> (artifact id: 'f05112d238e49e953ffba91f3cc85841') in 0.173382 seconds
Number of updated asset objects reloaded before import = 0
Number of asset objects unloaded after import = 3
========================================================================
Received Import Request.
  Time since last request: 0.000056 seconds.
  path: Assets/Textures/Grid/Broken Goober Grass_1_0.asset
  artifactKey: Guid(0367560e22ec1e14d872ddff769d7eda) Importer(815301076,1909f56bfc062723c751e8b465ee728b)
Start importing Assets/Textures/Grid/Broken Goober Grass_1_0.asset using Guid(0367560e22ec1e14d872ddff769d7eda) Importer(815301076,1909f56bfc062723c751e8b465ee728b)  -> (artifact id: '840e0cf3e0410d1856c286ea81daf664') in 0.034079 seconds
Number of updated asset objects reloaded before import = 0
Number of asset objects unloaded after import = 3
========================================================================
Received Import Request.
  Time since last request: 0.000031 seconds.
  path: Assets/Textures/Grid/New Rule Tile.asset
  artifactKey: Guid(237eafb4de7dc5048aa55f688376a5ba) Importer(815301076,1909f56bfc062723c751e8b465ee728b)
Start importing Assets/Textures/Grid/New Rule Tile.asset using Guid(237eafb4de7dc5048aa55f688376a5ba) Importer(815301076,1909f56bfc062723c751e8b465ee728b)  -> (artifact id: '444c75660f9b698453d78dd9d8026869') in 0.041064 seconds
Number of updated asset objects reloaded before import = 0
Number of asset objects unloaded after import = 23
========================================================================
Received Prepare
Refreshing native plugins compatible for Editor in 15.00 ms, found 4 plugins.
Preloading 0 native plugins for Editor in 0.00 ms.
Unloading 1 Unused Serialized files (Serialized files now loaded: 0)
Unloading 2 unused Assets / (74.3 KB). Loaded Objects now: 4738.
Memory consumption went from 84.2 MB to 84.1 MB.
Total: 6.017300 ms (FindLiveObjects: 0.550400 ms CreateObjectMapping: 0.491900 ms MarkObjects: 4.917300 ms  DeleteObjects: 0.055900 ms)

Prepare: number of updated asset objects reloaded= 0
AssetImportParameters requested are different than current active one (requested -> active):
  custom:container-demuxer-ogg: 62fdf1f143b41e24485cea50d1cbac27 -> 
  custom:video-decoder-ogg-theora: a1e56fd34408186e4bbccfd4996cb3dc -> 
  custom:framework-win-MediaFoundation: 216162199b28c13a410421893ffa2e32 -> 
  custom:CustomObjectIndexerAttribute: 756ad292c208cfabdd7b50bc23989ffe -> 
  custom:container-demuxer-webm: 4f35f7cbe854078d1ac9338744f61a02 -> 
  custom:container-muxer-webm: aa71ff27fc2769a1b78a27578f13a17b -> 
  custom:video-decoder-webm-vp8: 9c59270c3fd7afecdb556c50c9e8de78 -> 
  custom:SearchIndexIgnoredProperties: e643bd26f0fe6173181afceb89e7c659 -> 
  custom:AudioImporter_EditorPlatform: d09bf68614088b80899f8185d706f6e7 -> 
  custom:video-encoder-webm-vp8: eb34c28f22e8b96e1ab97ce403110664 -> 
  custom:audio-decoder-ogg-vorbis: bf7c407c2cedff20999df2af8eb42d56 -> 
  custom:audio-encoder-webm-vorbis: bf7c407c2cedff20999df2af8eb42d56 -> 
========================================================================
Received Import Request.
  Time since last request: 10.521844 seconds.
  path: Assets/Textures/Grid/Broken Goober Grass_1.png
  artifactKey: Guid(268ebd929201c4447a07b24cdbd6922b) Importer(815301076,1909f56bfc062723c751e8b465ee728b)
Start importing Assets/Textures/Grid/Broken Goober Grass_1.png using Guid(268ebd929201c4447a07b24cdbd6922b) Importer(815301076,1909f56bfc062723c751e8b465ee728b)  -> (artifact id: '122c154feaa5cef0b108b559350ce2a2') in 0.044682 seconds
Number of updated asset objects reloaded before import = 0
Number of asset objects unloaded after import = 3
========================================================================
Received Import Request.
  Time since last request: 55.983829 seconds.
  path: Assets/Textures/Grid/Broken Goober Grass_1.png
  artifactKey: Guid(268ebd929201c4447a07b24cdbd6922b) Importer(815301076,1909f56bfc062723c751e8b465ee728b)
Start importing Assets/Textures/Grid/Broken Goober Grass_1.png using Guid(268ebd929201c4447a07b24cdbd6922b) Importer(815301076,1909f56bfc062723c751e8b465ee728b)  -> (artifact id: '07189340a61c18eea933ce457cde1253') in 0.080182 seconds
Number of updated asset objects reloaded before import = 0
Number of asset objects unloaded after import = 3
========================================================================
Received Import Request.
  Time since last request: 8.860107 seconds.
  path: Assets/Textures/Grid/Broken Goober Grass_1.png
  artifactKey: Guid(268ebd929201c4447a07b24cdbd6922b) Importer(815301076,1909f56bfc062723c751e8b465ee728b)
Start importing Assets/Textures/Grid/Broken Goober Grass_1.png using Guid(268ebd929201c4447a07b24cdbd6922b) Importer(815301076,1909f56bfc062723c751e8b465ee728b)  -> (artifact id: '87474345c550519430a81da9a9ad0cce') in 0.038766 seconds
Number of updated asset objects reloaded before import = 0
Number of asset objects unloaded after import = 3
========================================================================
Received Import Request.
  Time since last request: 11.123560 seconds.
  path: Assets/Textures/Grid/Broken Goober Grass_1.png
  artifactKey: Guid(268ebd929201c4447a07b24cdbd6922b) Importer(815301076,1909f56bfc062723c751e8b465ee728b)
Start importing Assets/Textures/Grid/Broken Goober Grass_1.png using Guid(268ebd929201c4447a07b24cdbd6922b) Importer(815301076,1909f56bfc062723c751e8b465ee728b)  -> (artifact id: '599d513a0710c924a1a32f11267e9874') in 0.045003 seconds
Number of updated asset objects reloaded before import = 0
Number of asset objects unloaded after import = 3
========================================================================
Received Import Request.
  Time since last request: 18.956995 seconds.
  path: Assets/Textures/Grid/Broken Goober Grass_1.png
  artifactKey: Guid(268ebd929201c4447a07b24cdbd6922b) Importer(815301076,1909f56bfc062723c751e8b465ee728b)
Start importing Assets/Textures/Grid/Broken Goober Grass_1.png using Guid(268ebd929201c4447a07b24cdbd6922b) Importer(815301076,1909f56bfc062723c751e8b465ee728b)  -> (artifact id: '302de3eb00f8ea9f6ecef87cea0e0a61') in 0.149652 seconds
Number of updated asset objects reloaded before import = 0
Number of asset objects unloaded after import = 38
========================================================================
Received Import Request.
  Time since last request: 24.356819 seconds.
  path: Assets/Textures/Grid/Goober Grass/Broken Goober Grass_1_0.asset
  artifactKey: Guid(aa3d7057b6289164c8beb8397607b60b) Importer(815301076,1909f56bfc062723c751e8b465ee728b)
Start importing Assets/Textures/Grid/Goober Grass/Broken Goober Grass_1_0.asset using Guid(aa3d7057b6289164c8beb8397607b60b) Importer(815301076,1909f56bfc062723c751e8b465ee728b)  -> (artifact id: '7a673a4bbdac5ffaff066ef2ba5693d5') in 0.024084 seconds
Number of updated asset objects reloaded before import = 0
Number of asset objects unloaded after import = 3
========================================================================
Received Import Request.
  Time since last request: 0.000034 seconds.
  path: Assets/Textures/Grid/Goober Grass/Broken Goober Grass_1_14.asset
  artifactKey: Guid(ed81cfeeb2e6f5e429f9dd64fb569203) Importer(815301076,1909f56bfc062723c751e8b465ee728b)
Start importing Assets/Textures/Grid/Goober Grass/Broken Goober Grass_1_14.asset using Guid(ed81cfeeb2e6f5e429f9dd64fb569203) Importer(815301076,1909f56bfc062723c751e8b465ee728b)  -> (artifact id: 'f3028571834f62648c178c96d4a931ca') in 0.025509 seconds
Number of updated asset objects reloaded before import = 0
Number of asset objects unloaded after import = 3
========================================================================
Received Import Request.
  Time since last request: 0.000034 seconds.
  path: Assets/Textures/Grid/Goober Grass/Broken Goober Grass_1_25.asset
  artifactKey: Guid(960a25dcfb69aea45827eadd6e3c6e26) Importer(815301076,1909f56bfc062723c751e8b465ee728b)
Start importing Assets/Textures/Grid/Goober Grass/Broken Goober Grass_1_25.asset using Guid(960a25dcfb69aea45827eadd6e3c6e26) Importer(815301076,1909f56bfc062723c751e8b465ee728b)  -> (artifact id: '8b60ed0ff83295451eb9d780bbb2dfc5') in 0.023557 seconds
Number of updated asset objects reloaded before import = 0
Number of asset objects unloaded after import = 3
========================================================================
Received Import Request.
  Time since last request: 0.000033 seconds.
  path: Assets/Textures/Grid/Goober Grass/Broken Goober Grass_1_21.asset
  artifactKey: Guid(a97243c48d221484a88d4f198bf86cde) Importer(815301076,1909f56bfc062723c751e8b465ee728b)
Start importing Assets/Textures/Grid/Goober Grass/Broken Goober Grass_1_21.asset using Guid(a97243c48d221484a88d4f198bf86cde) Importer(815301076,1909f56bfc062723c751e8b465ee728b)  -> (artifact id: '284fc0c263b917c5a49304b61f01536d') in 0.022225 seconds
Number of updated asset objects reloaded before import = 0
Number of asset objects unloaded after import = 3
========================================================================
Received Import Request.
  Time since last request: 0.000026 seconds.
  path: Assets/Textures/Grid/Goober Grass/Broken Goober Grass_1_20.asset
  artifactKey: Guid(ad8cd5d1a0a8cd04483f5e473fbd38ac) Importer(815301076,1909f56bfc062723c751e8b465ee728b)
Start importing Assets/Textures/Grid/Goober Grass/Broken Goober Grass_1_20.asset using Guid(ad8cd5d1a0a8cd04483f5e473fbd38ac) Importer(815301076,1909f56bfc062723c751e8b465ee728b)  -> (artifact id: '3c7f089c97db71cc1d5bc6051533c579') in 0.023677 seconds
Number of updated asset objects reloaded before import = 0
Number of asset objects unloaded after import = 3
========================================================================
Received Import Request.
  Time since last request: 0.000022 seconds.
  path: Assets/Textures/Grid/Goober Grass/Broken Goober Grass_1_35.asset
  artifactKey: Guid(f6455c6a7ab6df3498c4f0cd617a16b5) Importer(815301076,1909f56bfc062723c751e8b465ee728b)
Start importing Assets/Textures/Grid/Goober Grass/Broken Goober Grass_1_35.asset using Guid(f6455c6a7ab6df3498c4f0cd617a16b5) Importer(815301076,1909f56bfc062723c751e8b465ee728b)  -> (artifact id: '4350771d295d6e99df982ead7f768af6') in 0.024196 seconds
Number of updated asset objects reloaded before import = 0
Number of asset objects unloaded after import = 3
========================================================================
Received Import Request.
  Time since last request: 0.000021 seconds.
  path: Assets/Textures/Grid/Goober Grass/Broken Goober Grass_1_28.asset
  artifactKey: Guid(967523cea4895fd4ab8099ab02c9630a) Importer(815301076,1909f56bfc062723c751e8b465ee728b)
Start importing Assets/Textures/Grid/Goober Grass/Broken Goober Grass_1_28.asset using Guid(967523cea4895fd4ab8099ab02c9630a) Importer(815301076,1909f56bfc062723c751e8b465ee728b)  -> (artifact id: 'f85c7350812fb70630537bcee4f1e8db') in 0.022431 seconds
Number of updated asset objects reloaded before import = 0
Number of asset objects unloaded after import = 3
========================================================================
Received Import Request.
  Time since last request: 0.000032 seconds.
  path: Assets/Textures/Grid/Goober Grass/Broken Goober Grass_1_30.asset
  artifactKey: Guid(e86a6734b947b6b49b9e85349c5360b8) Importer(815301076,1909f56bfc062723c751e8b465ee728b)
Start importing Assets/Textures/Grid/Goober Grass/Broken Goober Grass_1_30.asset using Guid(e86a6734b947b6b49b9e85349c5360b8) Importer(815301076,1909f56bfc062723c751e8b465ee728b)  -> (artifact id: '86e5c86022ddf32953320c4aabbd96c7') in 0.021329 seconds
Number of updated asset objects reloaded before import = 0
Number of asset objects unloaded after import = 3
========================================================================
Received Import Request.
  Time since last request: 0.000037 seconds.
  path: Assets/Textures/Grid/Goober Grass/Broken Goober Grass_1_22.asset
  artifactKey: Guid(489066d700de00f43b89fbfd5ffabd0f) Importer(815301076,1909f56bfc062723c751e8b465ee728b)
Start importing Assets/Textures/Grid/Goober Grass/Broken Goober Grass_1_22.asset using Guid(489066d700de00f43b89fbfd5ffabd0f) Importer(815301076,1909f56bfc062723c751e8b465ee728b)  -> (artifact id: '0ad861d5f6597b9a273f7ebcc06aa7ec') in 0.025244 seconds
Number of updated asset objects reloaded before import = 0
Number of asset objects unloaded after import = 3
========================================================================
Received Import Request.
  Time since last request: 0.000048 seconds.
  path: Assets/Textures/Grid/Goober Grass/Broken Goober Grass_1_29.asset
  artifactKey: Guid(9a709fd209ce9c24390dba81009f9c71) Importer(815301076,1909f56bfc062723c751e8b465ee728b)
Start importing Assets/Textures/Grid/Goober Grass/Broken Goober Grass_1_29.asset using Guid(9a709fd209ce9c24390dba81009f9c71) Importer(815301076,1909f56bfc062723c751e8b465ee728b)  -> (artifact id: '64eeff35bfc409e22898e8f96577476f') in 0.028708 seconds
Number of updated asset objects reloaded before import = 0
Number of asset objects unloaded after import = 3
========================================================================
Received Import Request.
  Time since last request: 0.000044 seconds.
  path: Assets/Textures/Grid/Goober Grass/Broken Goober Grass_1_27.asset
  artifactKey: Guid(2395a0ba53747d342ae38baa9c5af31f) Importer(815301076,1909f56bfc062723c751e8b465ee728b)
Start importing Assets/Textures/Grid/Goober Grass/Broken Goober Grass_1_27.asset using Guid(2395a0ba53747d342ae38baa9c5af31f) Importer(815301076,1909f56bfc062723c751e8b465ee728b)  -> (artifact id: 'c4fe83a7e9b8192d5c92243ee5974f9c') in 0.027284 seconds
Number of updated asset objects reloaded before import = 0
Number of asset objects unloaded after import = 3
========================================================================
Received Import Request.
  Time since last request: 0.000062 seconds.
  path: Assets/Textures/Grid/Goober Grass/Broken Goober Grass_1_11.asset
  artifactKey: Guid(87532c12580cfef499e3d6b3e7045f85) Importer(815301076,1909f56bfc062723c751e8b465ee728b)
Start importing Assets/Textures/Grid/Goober Grass/Broken Goober Grass_1_11.asset using Guid(87532c12580cfef499e3d6b3e7045f85) Importer(815301076,1909f56bfc062723c751e8b465ee728b)  -> (artifact id: '09f01a405662fe6cfc6d7a4ddd5b1523') in 0.027982 seconds
Number of updated asset objects reloaded before import = 0
Number of asset objects unloaded after import = 3
========================================================================
Received Import Request.
  Time since last request: 0.000030 seconds.
  path: Assets/Textures/Grid/Goober Grass/Broken Goober Grass_1_19.asset
  artifactKey: Guid(b79a8fd29b0fc394e8fcdbd7caaa1a26) Importer(815301076,1909f56bfc062723c751e8b465ee728b)
Start importing Assets/Textures/Grid/Goober Grass/Broken Goober Grass_1_19.asset using Guid(b79a8fd29b0fc394e8fcdbd7caaa1a26) Importer(815301076,1909f56bfc062723c751e8b465ee728b)  -> (artifact id: 'b323e92fa040591ab0960b907b37053d') in 0.026491 seconds
Number of updated asset objects reloaded before import = 0
Number of asset objects unloaded after import = 3
========================================================================
Received Import Request.
  Time since last request: 0.000028 seconds.
  path: Assets/Textures/Grid/Goober Grass/Broken Goober Grass_1_8.asset
  artifactKey: Guid(b50adea2e09c24046897401d2b032592) Importer(815301076,1909f56bfc062723c751e8b465ee728b)
Start importing Assets/Textures/Grid/Goober Grass/Broken Goober Grass_1_8.asset using Guid(b50adea2e09c24046897401d2b032592) Importer(815301076,1909f56bfc062723c751e8b465ee728b)  -> (artifact id: 'e82f6a1368a551fdbbadec2f04677339') in 0.028516 seconds
Number of updated asset objects reloaded before import = 0
Number of asset objects unloaded after import = 3
========================================================================
Received Import Request.
  Time since last request: 0.000031 seconds.
  path: Assets/Textures/Grid/Goober Grass/Broken Goober Grass_1_13.asset
  artifactKey: Guid(41ae7528e93806344b97e2ba751dbdde) Importer(815301076,1909f56bfc062723c751e8b465ee728b)
Start importing Assets/Textures/Grid/Goober Grass/Broken Goober Grass_1_13.asset using Guid(41ae7528e93806344b97e2ba751dbdde) Importer(815301076,1909f56bfc062723c751e8b465ee728b)  -> (artifact id: '2521429fb131d40df455c9f4c7b900b2') in 0.026409 seconds
Number of updated asset objects reloaded before import = 0
Number of asset objects unloaded after import = 3
========================================================================
Received Import Request.
  Time since last request: 0.000036 seconds.
  path: Assets/Textures/Grid/Goober Grass/Broken Goober Grass_1_5.asset
  artifactKey: Guid(0b05c717878f6e84db57f3183ae37a7c) Importer(815301076,1909f56bfc062723c751e8b465ee728b)
Start importing Assets/Textures/Grid/Goober Grass/Broken Goober Grass_1_5.asset using Guid(0b05c717878f6e84db57f3183ae37a7c) Importer(815301076,1909f56bfc062723c751e8b465ee728b)  -> (artifact id: 'cac5f051c27cb6fa422175bdb043ce4c') in 0.027621 seconds
Number of updated asset objects reloaded before import = 0
Number of asset objects unloaded after import = 3
========================================================================
Received Import Request.
  Time since last request: 0.000036 seconds.
  path: Assets/Textures/Grid/Goober Grass/Broken Goober Grass_1_31.asset
  artifactKey: Guid(59a75f082a949e34eaa592376c3bed4f) Importer(815301076,1909f56bfc062723c751e8b465ee728b)
Start importing Assets/Textures/Grid/Goober Grass/Broken Goober Grass_1_31.asset using Guid(59a75f082a949e34eaa592376c3bed4f) Importer(815301076,1909f56bfc062723c751e8b465ee728b)  -> (artifact id: 'e600aa3b2d1d3a2448b790f1de7a9338') in 0.027933 seconds
Number of updated asset objects reloaded before import = 0
Number of asset objects unloaded after import = 3
========================================================================
Received Import Request.
  Time since last request: 0.000048 seconds.
  path: Assets/Textures/Grid/Goober Grass/Goober Grass.prefab
  artifactKey: Guid(5805244b17dae684b865b2767e9691d3) Importer(815301076,1909f56bfc062723c751e8b465ee728b)
Start importing Assets/Textures/Grid/Goober Grass/Goober Grass.prefab using Guid(5805244b17dae684b865b2767e9691d3) Importer(815301076,1909f56bfc062723c751e8b465ee728b)  -> (artifact id: '0b420a6465159c7b0bcb62c36dab2483') in 0.152076 seconds
Number of updated asset objects reloaded before import = 0
Number of asset objects unloaded after import = 83
========================================================================
Received Import Request.
  Time since last request: 20.122633 seconds.
  path: Assets/Textures/Grid/Goober Grass/New Rule Tile.asset
  artifactKey: Guid(f5b7b3d6fe0174e4d8a47aa7ee3f74bc) Importer(815301076,1909f56bfc062723c751e8b465ee728b)
Start importing Assets/Textures/Grid/Goober Grass/New Rule Tile.asset using Guid(f5b7b3d6fe0174e4d8a47aa7ee3f74bc) Importer(815301076,1909f56bfc062723c751e8b465ee728b)  -> (artifact id: 'ea07e0cc3b9bb5a653833a2b752e0990') in 0.003121 seconds
Number of updated asset objects reloaded before import = 0
Number of asset objects unloaded after import = 1
========================================================================
Received Import Request.
  Time since last request: 13.207897 seconds.
  path: Assets/Textures/Grid/Goober Grass/Goober Rules.asset
  artifactKey: Guid(f5b7b3d6fe0174e4d8a47aa7ee3f74bc) Importer(815301076,1909f56bfc062723c751e8b465ee728b)
Start importing Assets/Textures/Grid/Goober Grass/Goober Rules.asset using Guid(f5b7b3d6fe0174e4d8a47aa7ee3f74bc) Importer(815301076,1909f56bfc062723c751e8b465ee728b)  -> (artifact id: 'ba5c80c837f7d1557c8136c3dc815846') in 0.003259 seconds
Number of updated asset objects reloaded before import = 0
Number of asset objects unloaded after import = 1
========================================================================
Received Import Request.
  Time since last request: 7.881581 seconds.
  path: Assets/Goober Grass.png
  artifactKey: Guid(2e8c2aa8277315142b7d2d7ef02fe96b) Importer(815301076,1909f56bfc062723c751e8b465ee728b)
Start importing Assets/Goober Grass.png using Guid(2e8c2aa8277315142b7d2d7ef02fe96b) Importer(815301076,1909f56bfc062723c751e8b465ee728b)  -> (artifact id: '9e8828f42a28a14b7cb076eae06d984d') in 0.055209 seconds
Number of updated asset objects reloaded before import = 0
Number of asset objects unloaded after import = 3
========================================================================
Received Import Request.
  Time since last request: 328.950193 seconds.
  path: Assets/Textures/Grid/Goober Grass/Goober Grass.prefab
  artifactKey: Guid(5805244b17dae684b865b2767e9691d3) Importer(815301076,1909f56bfc062723c751e8b465ee728b)
Start importing Assets/Textures/Grid/Goober Grass/Goober Grass.prefab using Guid(5805244b17dae684b865b2767e9691d3) Importer(815301076,1909f56bfc062723c751e8b465ee728b)  -> (artifact id: '34b53979733f5f7f6b4bbd484bf23b55') in 0.139374 seconds
Number of updated asset objects reloaded before import = 0
Number of asset objects unloaded after import = 84
========================================================================
Received Prepare
Begin MonoManager ReloadAssembly
Symbol file LoadedFromMemory doesn't match image C:\Users\538585\Game\Library\PackageCache\com.unity.visualscripting@1.8.0\Editor\VisualScripting.Core\Dependencies\YamlDotNet\Unity.VisualScripting.YamlDotNet.dll
Symbol file LoadedFromMemory doesn't match image C:\Users\538585\Game\Library\PackageCache\com.unity.visualscripting@1.8.0\Editor\VisualScripting.Core\Dependencies\DotNetZip\Unity.VisualScripting.IonicZip.dll
- Loaded All Assemblies, in  0.955 seconds
Refreshing native plugins compatible for Editor in 10.36 ms, found 4 plugins.
Native extension for WindowsStandalone target not found
Mono: successfully reloaded assembly
- Finished resetting the current domain, in  4.175 seconds
Domain Reload Profiling: 5120ms
	BeginReloadAssembly (328ms)
		ExecutionOrderSort (0ms)
		DisableScriptedObjects (20ms)
		BackupInstance (0ms)
		ReleaseScriptingObjects (1ms)
		CreateAndSetChildDomain (59ms)
	RebuildCommonClasses (63ms)
	RebuildNativeTypeToScriptingClass (14ms)
	initialDomainReloadingComplete (64ms)
	LoadAllAssembliesAndSetupDomain (474ms)
		LoadAssemblies (649ms)
		RebuildTransferFunctionScriptingTraits (0ms)
		AnalyzeDomain (16ms)
			TypeCache.Refresh (6ms)
				TypeCache.ScanAssembly (0ms)
			ScanForSourceGeneratedMonoScriptInfo (0ms)
			ResolveRequiredComponents (9ms)
	FinalizeReload (4176ms)
		ReleaseScriptCaches (0ms)
		RebuildScriptCaches (0ms)
		SetupLoadedEditorAssemblies (759ms)
			LogAssemblyErrors (0ms)
			InitializePlatformSupportModulesInManaged (16ms)
			SetLoadedEditorAssemblies (8ms)
			RefreshPlugins (0ms)
			BeforeProcessingInitializeOnLoad (158ms)
			ProcessInitializeOnLoadAttributes (485ms)
			ProcessInitializeOnLoadMethodAttributes (64ms)
			AfterProcessingInitializeOnLoad (29ms)
			EditorAssembliesLoaded (1ms)
		ExecutionOrderSort2 (0ms)
		AwakeInstancesAfterBackupRestoration (23ms)
Refreshing native plugins compatible for Editor in 14.85 ms, found 4 plugins.
Preloading 0 native plugins for Editor in 0.00 ms.
Unloading 4252 Unused Serialized files (Serialized files now loaded: 0)
Unloading 35 unused Assets / (105.8 KB). Loaded Objects now: 4757.
Memory consumption went from 151.7 MB to 151.6 MB.
Total: 5.438400 ms (FindLiveObjects: 0.550800 ms CreateObjectMapping: 0.376900 ms MarkObjects: 4.375100 ms  DeleteObjects: 0.133800 ms)

Prepare: number of updated asset objects reloaded= 0
AssetImportParameters requested are different than current active one (requested -> active):
  custom:container-demuxer-ogg: 62fdf1f143b41e24485cea50d1cbac27 -> 
  custom:video-decoder-ogg-theora: a1e56fd34408186e4bbccfd4996cb3dc -> 
  custom:framework-win-MediaFoundation: 216162199b28c13a410421893ffa2e32 -> 
  custom:CustomObjectIndexerAttribute: 756ad292c208cfabdd7b50bc23989ffe -> 
  custom:container-demuxer-webm: 4f35f7cbe854078d1ac9338744f61a02 -> 
  custom:container-muxer-webm: aa71ff27fc2769a1b78a27578f13a17b -> 
  custom:video-decoder-webm-vp8: 9c59270c3fd7afecdb556c50c9e8de78 -> 
  custom:SearchIndexIgnoredProperties: e643bd26f0fe6173181afceb89e7c659 -> 
  custom:AudioImporter_EditorPlatform: d09bf68614088b80899f8185d706f6e7 -> 
  custom:video-encoder-webm-vp8: eb34c28f22e8b96e1ab97ce403110664 -> 
  custom:audio-decoder-ogg-vorbis: bf7c407c2cedff20999df2af8eb42d56 -> 
  custom:audio-encoder-webm-vorbis: bf7c407c2cedff20999df2af8eb42d56 -> 
========================================================================
Received Import Request.
  Time since last request: 225.263726 seconds.
  path: Assets/NoFriction.physicsMaterial2D
  artifactKey: Guid(5a6215fde8241e442b9f70c0f74d2146) Importer(815301076,1909f56bfc062723c751e8b465ee728b)
Start importing Assets/NoFriction.physicsMaterial2D using Guid(5a6215fde8241e442b9f70c0f74d2146) Importer(815301076,1909f56bfc062723c751e8b465ee728b)  -> (artifact id: '264bc6f92d2f4af226960e21df018cf4') in 0.030291 seconds
Number of updated asset objects reloaded before import = 0
Number of asset objects unloaded after import = 1
========================================================================
Received Import Request.
  Time since last request: 2.893222 seconds.
  path: Assets/Goober
  artifactKey: Guid(4f1b974f8fc3228458e12db32246e3dd) Importer(815301076,1909f56bfc062723c751e8b465ee728b)
Start importing Assets/Goober using Guid(4f1b974f8fc3228458e12db32246e3dd) Importer(815301076,1909f56bfc062723c751e8b465ee728b)  -> (artifact id: 'f087ae27208fcd8111f4e9bd4e28c3d3') in 0.001056 seconds
Number of updated asset objects reloaded before import = 0
Number of asset objects unloaded after import = 0
========================================================================
Received Import Request.
  Time since last request: 0.964886 seconds.
  path: Assets/Goober/Smol Idle
  artifactKey: Guid(57ab0ba570d9e254a9984862709b88d3) Importer(815301076,1909f56bfc062723c751e8b465ee728b)
Start importing Assets/Goober/Smol Idle using Guid(57ab0ba570d9e254a9984862709b88d3) Importer(815301076,1909f56bfc062723c751e8b465ee728b)  -> (artifact id: '8268a33cb7dc4087ee2f3380fd97b66e') in 0.000901 seconds
Number of updated asset objects reloaded before import = 0
Number of asset objects unloaded after import = 0
========================================================================
Received Import Request.
  Time since last request: 0.279769 seconds.
  path: Assets/Goober/Smol Idle/Smol Idle-1.png
  artifactKey: Guid(a42b51424f4b4c440a7689f71008ef30) Importer(815301076,1909f56bfc062723c751e8b465ee728b)
Start importing Assets/Goober/Smol Idle/Smol Idle-1.png using Guid(a42b51424f4b4c440a7689f71008ef30) Importer(815301076,1909f56bfc062723c751e8b465ee728b)  -> (artifact id: '70a7e1ff6981a431614efb8d20dc6f53') in 0.138612 seconds
Number of updated asset objects reloaded before import = 0
Number of asset objects unloaded after import = 3
========================================================================
Received Import Request.
  Time since last request: 22.753937 seconds.
  path: Assets/Goober/Smol Idle/Smol Idle-1.png
  artifactKey: Guid(a42b51424f4b4c440a7689f71008ef30) Importer(815301076,1909f56bfc062723c751e8b465ee728b)
Start importing Assets/Goober/Smol Idle/Smol Idle-1.png using Guid(a42b51424f4b4c440a7689f71008ef30) Importer(815301076,1909f56bfc062723c751e8b465ee728b)  -> (artifact id: '6480032b3a36223f941c47fc173681bc') in 0.025929 seconds
Number of updated asset objects reloaded before import = 0
Number of asset objects unloaded after import = 3
========================================================================
Received Import Request.
  Time since last request: 8.091287 seconds.
  path: Assets/Goober/Smol Idle/Smol Idle-2.png
  artifactKey: Guid(4eab90940cc17224bbaa0a2972783387) Importer(815301076,1909f56bfc062723c751e8b465ee728b)
Start importing Assets/Goober/Smol Idle/Smol Idle-2.png using Guid(4eab90940cc17224bbaa0a2972783387) Importer(815301076,1909f56bfc062723c751e8b465ee728b)  -> (artifact id: 'ce2fe3b55eddceb2c051e25b9d3faaae') in 0.041413 seconds
Number of updated asset objects reloaded before import = 0
Number of asset objects unloaded after import = 3
========================================================================
Received Import Request.
  Time since last request: 11.209532 seconds.
  path: Assets/Goober/Smol Idle/Smol Idle-1.png
  artifactKey: Guid(a42b51424f4b4c440a7689f71008ef30) Importer(815301076,1909f56bfc062723c751e8b465ee728b)
Start importing Assets/Goober/Smol Idle/Smol Idle-1.png using Guid(a42b51424f4b4c440a7689f71008ef30) Importer(815301076,1909f56bfc062723c751e8b465ee728b)  -> (artifact id: '13ed00039170368af91944b934521a5f') in 0.042305 seconds
Number of updated asset objects reloaded before import = 0
Number of asset objects unloaded after import = 3
========================================================================
Received Import Request.
  Time since last request: 8.984803 seconds.
  path: Assets/Goober/Smol Idle/Smol Idle-3.png
  artifactKey: Guid(74fa2845ac99c7345985763d6e35d27d) Importer(815301076,1909f56bfc062723c751e8b465ee728b)
Start importing Assets/Goober/Smol Idle/Smol Idle-3.png using Guid(74fa2845ac99c7345985763d6e35d27d) Importer(815301076,1909f56bfc062723c751e8b465ee728b)  -> (artifact id: 'f6f9c7b653f4e5d7d54916572f9eb346') in 0.038823 seconds
Number of updated asset objects reloaded before import = 0
Number of asset objects unloaded after import = 3
========================================================================
Received Import Request.
  Time since last request: 8.492472 seconds.
  path: Assets/Goober/Smol Idle/Smol Idle-4.png
  artifactKey: Guid(d737d8576cd525e4b9a3560ff125fc58) Importer(815301076,1909f56bfc062723c751e8b465ee728b)
Start importing Assets/Goober/Smol Idle/Smol Idle-4.png using Guid(d737d8576cd525e4b9a3560ff125fc58) Importer(815301076,1909f56bfc062723c751e8b465ee728b)  -> (artifact id: '34e3029d623513b62a58eef0d9f39d78') in 0.034783 seconds
Number of updated asset objects reloaded before import = 0
Number of asset objects unloaded after import = 3
========================================================================
Received Import Request.
  Time since last request: 4.154466 seconds.
  path: Assets/Goober/Smol Idle/Smol Idle-3.png
  artifactKey: Guid(74fa2845ac99c7345985763d6e35d27d) Importer(815301076,1909f56bfc062723c751e8b465ee728b)
Start importing Assets/Goober/Smol Idle/Smol Idle-3.png using Guid(74fa2845ac99c7345985763d6e35d27d) Importer(815301076,1909f56bfc062723c751e8b465ee728b)  -> (artifact id: '16ab99aa9b14e73e0dc9c385eb05c2cc') in 0.026219 seconds
Number of updated asset objects reloaded before import = 0
Number of asset objects unloaded after import = 3
========================================================================
Received Import Request.
  Time since last request: 4.274694 seconds.
  path: Assets/Goober/Smol Idle/Smol Idle-2.png
  artifactKey: Guid(4eab90940cc17224bbaa0a2972783387) Importer(815301076,1909f56bfc062723c751e8b465ee728b)
Start importing Assets/Goober/Smol Idle/Smol Idle-2.png using Guid(4eab90940cc17224bbaa0a2972783387) Importer(815301076,1909f56bfc062723c751e8b465ee728b)  -> (artifact id: 'e2ef27b21b68fb361527ac093e41849d') in 0.029953 seconds
Number of updated asset objects reloaded before import = 0
Number of asset objects unloaded after import = 3
========================================================================
Received Prepare
Begin MonoManager ReloadAssembly
Symbol file LoadedFromMemory doesn't match image C:\Users\538585\Game\Library\PackageCache\com.unity.visualscripting@1.8.0\Editor\VisualScripting.Core\Dependencies\YamlDotNet\Unity.VisualScripting.YamlDotNet.dll
Symbol file LoadedFromMemory doesn't match image C:\Users\538585\Game\Library\PackageCache\com.unity.visualscripting@1.8.0\Editor\VisualScripting.Core\Dependencies\DotNetZip\Unity.VisualScripting.IonicZip.dll
- Loaded All Assemblies, in  3.314 seconds
Refreshing native plugins compatible for Editor in 10.53 ms, found 4 plugins.
Native extension for WindowsStandalone target not found
Mono: successfully reloaded assembly
- Finished resetting the current domain, in 22.635 seconds
Domain Reload Profiling: 25937ms
	BeginReloadAssembly (342ms)
		ExecutionOrderSort (0ms)
		DisableScriptedObjects (15ms)
		BackupInstance (0ms)
		ReleaseScriptingObjects (0ms)
		CreateAndSetChildDomain (61ms)
	RebuildCommonClasses (212ms)
	RebuildNativeTypeToScriptingClass (20ms)
	initialDomainReloadingComplete (76ms)
	LoadAllAssembliesAndSetupDomain (2650ms)
		LoadAssemblies (2855ms)
		RebuildTransferFunctionScriptingTraits (0ms)
		AnalyzeDomain (15ms)
			TypeCache.Refresh (7ms)
				TypeCache.ScanAssembly (0ms)
			ScanForSourceGeneratedMonoScriptInfo (0ms)
			ResolveRequiredComponents (7ms)
	FinalizeReload (22636ms)
		ReleaseScriptCaches (0ms)
		RebuildScriptCaches (0ms)
		SetupLoadedEditorAssemblies (578ms)
			LogAssemblyErrors (0ms)
			InitializePlatformSupportModulesInManaged (12ms)
			SetLoadedEditorAssemblies (5ms)
			RefreshPlugins (0ms)
			BeforeProcessingInitializeOnLoad (125ms)
			ProcessInitializeOnLoadAttributes (362ms)
			ProcessInitializeOnLoadMethodAttributes (49ms)
			AfterProcessingInitializeOnLoad (24ms)
			EditorAssembliesLoaded (0ms)
		ExecutionOrderSort2 (0ms)
		AwakeInstancesAfterBackupRestoration (17ms)
Refreshing native plugins compatible for Editor in 13.52 ms, found 4 plugins.
Preloading 0 native plugins for Editor in 0.00 ms.
Unloading 4252 Unused Serialized files (Serialized files now loaded: 0)
Unloading 35 unused Assets / (106.0 KB). Loaded Objects now: 4774.
Memory consumption went from 153.6 MB to 153.5 MB.
Total: 10.802400 ms (FindLiveObjects: 0.553100 ms CreateObjectMapping: 0.190900 ms MarkObjects: 9.892400 ms  DeleteObjects: 0.163400 ms)

Prepare: number of updated asset objects reloaded= 0
AssetImportParameters requested are different than current active one (requested -> active):
  custom:container-demuxer-ogg: 62fdf1f143b41e24485cea50d1cbac27 -> 
  custom:video-decoder-ogg-theora: a1e56fd34408186e4bbccfd4996cb3dc -> 
  custom:framework-win-MediaFoundation: 216162199b28c13a410421893ffa2e32 -> 
  custom:CustomObjectIndexerAttribute: 756ad292c208cfabdd7b50bc23989ffe -> 
  custom:container-demuxer-webm: 4f35f7cbe854078d1ac9338744f61a02 -> 
  custom:container-muxer-webm: aa71ff27fc2769a1b78a27578f13a17b -> 
  custom:video-decoder-webm-vp8: 9c59270c3fd7afecdb556c50c9e8de78 -> 
  custom:SearchIndexIgnoredProperties: e643bd26f0fe6173181afceb89e7c659 -> 
  custom:AudioImporter_EditorPlatform: d09bf68614088b80899f8185d706f6e7 -> 
  custom:video-encoder-webm-vp8: eb34c28f22e8b96e1ab97ce403110664 -> 
  custom:audio-decoder-ogg-vorbis: bf7c407c2cedff20999df2af8eb42d56 -> 
  custom:audio-encoder-webm-vorbis: bf7c407c2cedff20999df2af8eb42d56 -> 
========================================================================
Received Prepare
Begin MonoManager ReloadAssembly
Symbol file LoadedFromMemory doesn't match image C:\Users\538585\Game\Library\PackageCache\com.unity.visualscripting@1.8.0\Editor\VisualScripting.Core\Dependencies\YamlDotNet\Unity.VisualScripting.YamlDotNet.dll
Symbol file LoadedFromMemory doesn't match image C:\Users\538585\Game\Library\PackageCache\com.unity.visualscripting@1.8.0\Editor\VisualScripting.Core\Dependencies\DotNetZip\Unity.VisualScripting.IonicZip.dll
- Loaded All Assemblies, in  0.874 seconds
Refreshing native plugins compatible for Editor in 11.33 ms, found 4 plugins.
Native extension for WindowsStandalone target not found
Mono: successfully reloaded assembly
- Finished resetting the current domain, in  2.236 seconds
Domain Reload Profiling: 3099ms
	BeginReloadAssembly (267ms)
		ExecutionOrderSort (0ms)
		DisableScriptedObjects (15ms)
		BackupInstance (0ms)
		ReleaseScriptingObjects (0ms)
		CreateAndSetChildDomain (49ms)
	RebuildCommonClasses (44ms)
	RebuildNativeTypeToScriptingClass (20ms)
	initialDomainReloadingComplete (60ms)
	LoadAllAssembliesAndSetupDomain (472ms)
		LoadAssemblies (594ms)
		RebuildTransferFunctionScriptingTraits (0ms)
		AnalyzeDomain (20ms)
			TypeCache.Refresh (8ms)
				TypeCache.ScanAssembly (0ms)
			ScanForSourceGeneratedMonoScriptInfo (0ms)
			ResolveRequiredComponents (11ms)
	FinalizeReload (2237ms)
		ReleaseScriptCaches (0ms)
		RebuildScriptCaches (0ms)
		SetupLoadedEditorAssemblies (748ms)
			LogAssemblyErrors (0ms)
			InitializePlatformSupportModulesInManaged (14ms)
			SetLoadedEditorAssemblies (7ms)
			RefreshPlugins (0ms)
			BeforeProcessingInitializeOnLoad (154ms)
			ProcessInitializeOnLoadAttributes (488ms)
			ProcessInitializeOnLoadMethodAttributes (59ms)
			AfterProcessingInitializeOnLoad (25ms)
			EditorAssembliesLoaded (0ms)
		ExecutionOrderSort2 (0ms)
		AwakeInstancesAfterBackupRestoration (20ms)
Refreshing native plugins compatible for Editor in 17.99 ms, found 4 plugins.
Preloading 0 native plugins for Editor in 0.00 ms.
Unloading 4253 Unused Serialized files (Serialized files now loaded: 0)
Unloading 35 unused Assets / (105.9 KB). Loaded Objects now: 4788.
Memory consumption went from 155.8 MB to 155.7 MB.
Total: 6.458900 ms (FindLiveObjects: 0.663100 ms CreateObjectMapping: 0.579300 ms MarkObjects: 5.011800 ms  DeleteObjects: 0.202400 ms)

Prepare: number of updated asset objects reloaded= 0
AssetImportParameters requested are different than current active one (requested -> active):
  custom:container-demuxer-ogg: 62fdf1f143b41e24485cea50d1cbac27 -> 
  custom:video-decoder-ogg-theora: a1e56fd34408186e4bbccfd4996cb3dc -> 
  custom:framework-win-MediaFoundation: 216162199b28c13a410421893ffa2e32 -> 
  custom:CustomObjectIndexerAttribute: 756ad292c208cfabdd7b50bc23989ffe -> 
  custom:container-demuxer-webm: 4f35f7cbe854078d1ac9338744f61a02 -> 
  custom:container-muxer-webm: aa71ff27fc2769a1b78a27578f13a17b -> 
  custom:video-decoder-webm-vp8: 9c59270c3fd7afecdb556c50c9e8de78 -> 
  custom:SearchIndexIgnoredProperties: e643bd26f0fe6173181afceb89e7c659 -> 
  custom:AudioImporter_EditorPlatform: d09bf68614088b80899f8185d706f6e7 -> 
  custom:video-encoder-webm-vp8: eb34c28f22e8b96e1ab97ce403110664 -> 
  custom:audio-decoder-ogg-vorbis: bf7c407c2cedff20999df2af8eb42d56 -> 
  custom:audio-encoder-webm-vorbis: bf7c407c2cedff20999df2af8eb42d56 -> 
========================================================================
Received Import Request.
  Time since last request: 1431.083273 seconds.
  path: Assets/Goober/Walk/Walk-1.png
  artifactKey: Guid(5b1d557a1d8cdfa49850548a9e1f12b5) Importer(815301076,1909f56bfc062723c751e8b465ee728b)
Start importing Assets/Goober/Walk/Walk-1.png using Guid(5b1d557a1d8cdfa49850548a9e1f12b5) Importer(815301076,1909f56bfc062723c751e8b465ee728b)  -> (artifact id: '31b9f69ea51d7897d7e8baf185dd3c40') in 0.358610 seconds
Number of updated asset objects reloaded before import = 0
Number of asset objects unloaded after import = 3
========================================================================
Received Import Request.
  Time since last request: 0.000056 seconds.
  path: Assets/Goober/Walk/Walk-4.png
  artifactKey: Guid(2f7642eaecfcd3f4d8d4e4956c2c4db8) Importer(815301076,1909f56bfc062723c751e8b465ee728b)
Start importing Assets/Goober/Walk/Walk-4.png using Guid(2f7642eaecfcd3f4d8d4e4956c2c4db8) Importer(815301076,1909f56bfc062723c751e8b465ee728b)  -> (artifact id: 'd43517ed4941b7c6aea0e24d1b295edb') in 0.058408 seconds
Number of updated asset objects reloaded before import = 0
Number of asset objects unloaded after import = 3
========================================================================
Received Import Request.
  Time since last request: 20.981482 seconds.
  path: Assets/Goober/Walk/Walk-1.png
  artifactKey: Guid(5b1d557a1d8cdfa49850548a9e1f12b5) Importer(815301076,1909f56bfc062723c751e8b465ee728b)
Start importing Assets/Goober/Walk/Walk-1.png using Guid(5b1d557a1d8cdfa49850548a9e1f12b5) Importer(815301076,1909f56bfc062723c751e8b465ee728b)  -> (artifact id: '420adbe74ad3244c55aa5e60f7470e5f') in 0.060789 seconds
Number of updated asset objects reloaded before import = 0
Number of asset objects unloaded after import = 3
========================================================================
Received Import Request.
  Time since last request: 0.000038 seconds.
  path: Assets/Goober/Walk/Walk-3.png
  artifactKey: Guid(2a56c6fab4a043c40bbe3d69d12a3d3b) Importer(815301076,1909f56bfc062723c751e8b465ee728b)
Start importing Assets/Goober/Walk/Walk-3.png using Guid(2a56c6fab4a043c40bbe3d69d12a3d3b) Importer(815301076,1909f56bfc062723c751e8b465ee728b)  -> (artifact id: 'cac860f86a2664b0f1fd39f848cb6107') in 0.055423 seconds
Number of updated asset objects reloaded before import = 0
Number of asset objects unloaded after import = 3
========================================================================
Received Import Request.
  Time since last request: 9.446202 seconds.
  path: Assets/Goober/Walk/Walk-1.png
  artifactKey: Guid(5b1d557a1d8cdfa49850548a9e1f12b5) Importer(815301076,1909f56bfc062723c751e8b465ee728b)
Start importing Assets/Goober/Walk/Walk-1.png using Guid(5b1d557a1d8cdfa49850548a9e1f12b5) Importer(815301076,1909f56bfc062723c751e8b465ee728b)  -> (artifact id: 'ebf3bbfdfbedb77d17183e2052637198') in 0.043229 seconds
Number of updated asset objects reloaded before import = 0
Number of asset objects unloaded after import = 3
========================================================================
Received Import Request.
  Time since last request: 0.000027 seconds.
  path: Assets/Goober/Walk/Walk-4.png
  artifactKey: Guid(2f7642eaecfcd3f4d8d4e4956c2c4db8) Importer(815301076,1909f56bfc062723c751e8b465ee728b)
Start importing Assets/Goober/Walk/Walk-4.png using Guid(2f7642eaecfcd3f4d8d4e4956c2c4db8) Importer(815301076,1909f56bfc062723c751e8b465ee728b)  -> (artifact id: '0f5fa68834c644652145a9393b5c2be1') in 0.103457 seconds
Number of updated asset objects reloaded before import = 0
Number of asset objects unloaded after import = 3
========================================================================
Received Import Request.
  Time since last request: 0.000081 seconds.
  path: Assets/Goober/Walk/Walk-5.png
  artifactKey: Guid(d4df01dac1a31e3469cfaf1332f75775) Importer(815301076,1909f56bfc062723c751e8b465ee728b)
Start importing Assets/Goober/Walk/Walk-5.png using Guid(d4df01dac1a31e3469cfaf1332f75775) Importer(815301076,1909f56bfc062723c751e8b465ee728b)  -> (artifact id: 'f4baea661085872a1eebd1ff699fa87c') in 0.049719 seconds
Number of updated asset objects reloaded before import = 0
Number of asset objects unloaded after import = 3
========================================================================
Received Import Request.
  Time since last request: 7.109650 seconds.
  path: Assets/Goober/Walk/Walk.anim
  artifactKey: Guid(cd352faf8d8fd414f8ea38cc2bf19055) Importer(815301076,1909f56bfc062723c751e8b465ee728b)
Start importing Assets/Goober/Walk/Walk.anim using Guid(cd352faf8d8fd414f8ea38cc2bf19055) Importer(815301076,1909f56bfc062723c751e8b465ee728b)  -> (artifact id: 'c6ed36d2d6493c05b36d28078512440d') in 0.017106 seconds
Number of updated asset objects reloaded before import = 0
Number of asset objects unloaded after import = 1
========================================================================
Received Import Request.
  Time since last request: 1017.426265 seconds.
  path: Assets/Sounds/Coin.wav
  artifactKey: Guid(9e2e3bfa0b1c2a34f83910a733ad23f3) Importer(815301076,1909f56bfc062723c751e8b465ee728b)
Start importing Assets/Sounds/Coin.wav using Guid(9e2e3bfa0b1c2a34f83910a733ad23f3) Importer(815301076,1909f56bfc062723c751e8b465ee728b)  -> (artifact id: 'bba000c52f5cbdcedb70f7930983be3c') in 0.260745 seconds
Number of updated asset objects reloaded before import = 0
Number of asset objects unloaded after import = 2
========================================================================
Received Import Request.
  Time since last request: 0.000050 seconds.
  path: Assets/Sounds/Star.wav
  artifactKey: Guid(affbf3a69b07671469a35d825ca2ef20) Importer(815301076,1909f56bfc062723c751e8b465ee728b)
Start importing Assets/Sounds/Star.wav using Guid(affbf3a69b07671469a35d825ca2ef20) Importer(815301076,1909f56bfc062723c751e8b465ee728b)  -> (artifact id: 'cd0850f27c354ab0c5112ccaa71ab74f') in 0.044255 seconds
Number of updated asset objects reloaded before import = 0
Number of asset objects unloaded after import = 2
========================================================================
Received Import Request.
  Time since last request: 0.000038 seconds.
  path: Assets/Sounds/Lose.wav
  artifactKey: Guid(3f2ba3ea13d42af46a7d57a0a63988ee) Importer(815301076,1909f56bfc062723c751e8b465ee728b)
Start importing Assets/Sounds/Lose.wav using Guid(3f2ba3ea13d42af46a7d57a0a63988ee) Importer(815301076,1909f56bfc062723c751e8b465ee728b)  -> (artifact id: '367be82728a09dcd7e848be29ab2bd21') in 0.036225 seconds
Number of updated asset objects reloaded before import = 0
Number of asset objects unloaded after import = 2
========================================================================
Received Import Request.
  Time since last request: 15.083123 seconds.
  path: Assets/Goober/Run/Run-1.png
  artifactKey: Guid(e3585ba8eeb8e6249944925b2f340803) Importer(815301076,1909f56bfc062723c751e8b465ee728b)
Start importing Assets/Goober/Run/Run-1.png using Guid(e3585ba8eeb8e6249944925b2f340803) Importer(815301076,1909f56bfc062723c751e8b465ee728b)  -> (artifact id: '7bf2ff18ba91ab60d15553aa9093b903') in 0.071664 seconds
Number of updated asset objects reloaded before import = 0
Number of asset objects unloaded after import = 3
========================================================================
Received Import Request.
  Time since last request: 0.000027 seconds.
  path: Assets/Goober/Run/Run-3.png
  artifactKey: Guid(65ec3aeee54e8ef4f8f2f61a905aa316) Importer(815301076,1909f56bfc062723c751e8b465ee728b)
Start importing Assets/Goober/Run/Run-3.png using Guid(65ec3aeee54e8ef4f8f2f61a905aa316) Importer(815301076,1909f56bfc062723c751e8b465ee728b)  -> (artifact id: 'd742dadc8085d17dc5e5481f79fc2837') in 0.062651 seconds
Number of updated asset objects reloaded before import = 0
Number of asset objects unloaded after import = 3
========================================================================
Received Import Request.
  Time since last request: 17.487592 seconds.
  path: Assets/Goober/Run/Run-1.png
  artifactKey: Guid(e3585ba8eeb8e6249944925b2f340803) Importer(815301076,1909f56bfc062723c751e8b465ee728b)
Start importing Assets/Goober/Run/Run-1.png using Guid(e3585ba8eeb8e6249944925b2f340803) Importer(815301076,1909f56bfc062723c751e8b465ee728b)  -> (artifact id: '847c01022067c3749dda422e0de37e58') in 0.059932 seconds
Number of updated asset objects reloaded before import = 0
Number of asset objects unloaded after import = 3
========================================================================
Received Import Request.
  Time since last request: 0.000021 seconds.
  path: Assets/Goober/Run/Run-4.png
  artifactKey: Guid(2f13204ca59660c4bbed5fecb97c3a9d) Importer(815301076,1909f56bfc062723c751e8b465ee728b)
Start importing Assets/Goober/Run/Run-4.png using Guid(2f13204ca59660c4bbed5fecb97c3a9d) Importer(815301076,1909f56bfc062723c751e8b465ee728b)  -> (artifact id: 'af9e10dfacf2b94f613e3c31ab9a6607') in 0.101022 seconds
Number of updated asset objects reloaded before import = 0
Number of asset objects unloaded after import = 3
========================================================================
Received Import Request.
  Time since last request: 105.356336 seconds.
  path: Assets/Scripts/PlayerMovementController.cs
  artifactKey: Guid(ac21ee8def01d4d1cbf14fd752366e78) Importer(815301076,1909f56bfc062723c751e8b465ee728b)
Start importing Assets/Scripts/PlayerMovementController.cs using Guid(ac21ee8def01d4d1cbf14fd752366e78) Importer(815301076,1909f56bfc062723c751e8b465ee728b)  -> (artifact id: '1bdab274a0e033830570b19b4a020a52') in 0.018065 seconds
Number of updated asset objects reloaded before import = 0
Number of asset objects unloaded after import = 0
========================================================================
Received Import Request.
  Time since last request: 133.311644 seconds.
  path: Assets/Goober/Idle/Idle-1.png
  artifactKey: Guid(02ce30e30bbceaa428799c797551a1fb) Importer(815301076,1909f56bfc062723c751e8b465ee728b)
Start importing Assets/Goober/Idle/Idle-1.png using Guid(02ce30e30bbceaa428799c797551a1fb) Importer(815301076,1909f56bfc062723c751e8b465ee728b)  -> (artifact id: 'd5fbbc7b3ba9444a427170a99fd358e4') in 0.057362 seconds
Number of updated asset objects reloaded before import = 0
Number of asset objects unloaded after import = 3
========================================================================
Received Import Request.
  Time since last request: 0.000035 seconds.
  path: Assets/Goober/Idle/idle-3.png
  artifactKey: Guid(d810936b40f4ed844add79b9dd361caf) Importer(815301076,1909f56bfc062723c751e8b465ee728b)
Start importing Assets/Goober/Idle/idle-3.png using Guid(d810936b40f4ed844add79b9dd361caf) Importer(815301076,1909f56bfc062723c751e8b465ee728b)  -> (artifact id: 'b1bcd66c0aec573e6446935983921a80') in 0.053481 seconds
Number of updated asset objects reloaded before import = 0
Number of asset objects unloaded after import = 3
========================================================================
Received Import Request.
  Time since last request: 28.860294 seconds.
  path: Assets/Goober/Goober.controller
  artifactKey: Guid(a7c114be7557d764d9fc927403822aa6) Importer(815301076,1909f56bfc062723c751e8b465ee728b)
Start importing Assets/Goober/Goober.controller using Guid(a7c114be7557d764d9fc927403822aa6) Importer(815301076,1909f56bfc062723c751e8b465ee728b)  -> (artifact id: '9a732f65006bec2955a711580097a95a') in 0.379833 seconds
Number of updated asset objects reloaded before import = 0
Number of asset objects unloaded after import = 7
========================================================================
Received Prepare
Begin MonoManager ReloadAssembly
Symbol file LoadedFromMemory doesn't match image C:\Users\538585\Game\Library\PackageCache\com.unity.visualscripting@1.8.0\Editor\VisualScripting.Core\Dependencies\YamlDotNet\Unity.VisualScripting.YamlDotNet.dll
Symbol file LoadedFromMemory doesn't match image C:\Users\538585\Game\Library\PackageCache\com.unity.visualscripting@1.8.0\Editor\VisualScripting.Core\Dependencies\DotNetZip\Unity.VisualScripting.IonicZip.dll
- Loaded All Assemblies, in  6.191 seconds
Refreshing native plugins compatible for Editor in 28.75 ms, found 4 plugins.
Native extension for WindowsStandalone target not found
Mono: successfully reloaded assembly
- Finished resetting the current domain, in 27.289 seconds
Domain Reload Profiling: 33479ms
	BeginReloadAssembly (1738ms)
		ExecutionOrderSort (0ms)
		DisableScriptedObjects (165ms)
		BackupInstance (0ms)
		ReleaseScriptingObjects (2ms)
		CreateAndSetChildDomain (871ms)
	RebuildCommonClasses (202ms)
	RebuildNativeTypeToScriptingClass (14ms)
	initialDomainReloadingComplete (72ms)
	LoadAllAssembliesAndSetupDomain (4164ms)
		LoadAssemblies (4543ms)
		RebuildTransferFunctionScriptingTraits (0ms)
		AnalyzeDomain (128ms)
			TypeCache.Refresh (62ms)
				TypeCache.ScanAssembly (2ms)
			ScanForSourceGeneratedMonoScriptInfo (39ms)
			ResolveRequiredComponents (27ms)
	FinalizeReload (27291ms)
		ReleaseScriptCaches (0ms)
		RebuildScriptCaches (0ms)
		SetupLoadedEditorAssemblies (691ms)
			LogAssemblyErrors (0ms)
			InitializePlatformSupportModulesInManaged (24ms)
			SetLoadedEditorAssemblies (8ms)
			RefreshPlugins (0ms)
			BeforeProcessingInitializeOnLoad (156ms)
			ProcessInitializeOnLoadAttributes (418ms)
			ProcessInitializeOnLoadMethodAttributes (59ms)
			AfterProcessingInitializeOnLoad (23ms)
			EditorAssembliesLoaded (1ms)
		ExecutionOrderSort2 (0ms)
		AwakeInstancesAfterBackupRestoration (18ms)
Refreshing native plugins compatible for Editor in 21.92 ms, found 4 plugins.
Preloading 0 native plugins for Editor in 0.00 ms.
Unloading 4252 Unused Serialized files (Serialized files now loaded: 0)
Unloading 35 unused Assets / (105.9 KB). Loaded Objects now: 4807.
Memory consumption went from 157.6 MB to 157.5 MB.
Total: 13.405000 ms (FindLiveObjects: 0.905800 ms CreateObjectMapping: 0.217900 ms MarkObjects: 12.148700 ms  DeleteObjects: 0.130900 ms)

Prepare: number of updated asset objects reloaded= 0
AssetImportParameters requested are different than current active one (requested -> active):
  custom:container-demuxer-ogg: 62fdf1f143b41e24485cea50d1cbac27 -> 
  custom:video-decoder-ogg-theora: a1e56fd34408186e4bbccfd4996cb3dc -> 
  custom:framework-win-MediaFoundation: 216162199b28c13a410421893ffa2e32 -> 
  custom:CustomObjectIndexerAttribute: 756ad292c208cfabdd7b50bc23989ffe -> 
  custom:container-demuxer-webm: 4f35f7cbe854078d1ac9338744f61a02 -> 
  custom:container-muxer-webm: aa71ff27fc2769a1b78a27578f13a17b -> 
  custom:video-decoder-webm-vp8: 9c59270c3fd7afecdb556c50c9e8de78 -> 
  custom:SearchIndexIgnoredProperties: e643bd26f0fe6173181afceb89e7c659 -> 
  custom:AudioImporter_EditorPlatform: d09bf68614088b80899f8185d706f6e7 -> 
  custom:video-encoder-webm-vp8: eb34c28f22e8b96e1ab97ce403110664 -> 
  custom:audio-decoder-ogg-vorbis: bf7c407c2cedff20999df2af8eb42d56 -> 
  custom:audio-encoder-webm-vorbis: bf7c407c2cedff20999df2af8eb42d56 -> 
========================================================================
Received Prepare
Begin MonoManager ReloadAssembly
Symbol file LoadedFromMemory doesn't match image C:\Users\538585\Game\Library\PackageCache\com.unity.visualscripting@1.8.0\Editor\VisualScripting.Core\Dependencies\YamlDotNet\Unity.VisualScripting.YamlDotNet.dll
Symbol file LoadedFromMemory doesn't match image C:\Users\538585\Game\Library\PackageCache\com.unity.visualscripting@1.8.0\Editor\VisualScripting.Core\Dependencies\DotNetZip\Unity.VisualScripting.IonicZip.dll
- Loaded All Assemblies, in  1.233 seconds
Refreshing native plugins compatible for Editor in 10.92 ms, found 4 plugins.
Native extension for WindowsStandalone target not found
Mono: successfully reloaded assembly
- Finished resetting the current domain, in  3.422 seconds
Domain Reload Profiling: 4644ms
	BeginReloadAssembly (336ms)
		ExecutionOrderSort (0ms)
		DisableScriptedObjects (18ms)
		BackupInstance (0ms)
		ReleaseScriptingObjects (0ms)
		CreateAndSetChildDomain (47ms)
	RebuildCommonClasses (50ms)
	RebuildNativeTypeToScriptingClass (14ms)
	initialDomainReloadingComplete (61ms)
	LoadAllAssembliesAndSetupDomain (760ms)
		LoadAssemblies (957ms)
		RebuildTransferFunctionScriptingTraits (0ms)
		AnalyzeDomain (16ms)
			TypeCache.Refresh (7ms)
				TypeCache.ScanAssembly (0ms)
			ScanForSourceGeneratedMonoScriptInfo (0ms)
			ResolveRequiredComponents (8ms)
	FinalizeReload (3423ms)
		ReleaseScriptCaches (0ms)
		RebuildScriptCaches (0ms)
		SetupLoadedEditorAssemblies (607ms)
			LogAssemblyErrors (0ms)
			InitializePlatformSupportModulesInManaged (17ms)
			SetLoadedEditorAssemblies (6ms)
			RefreshPlugins (0ms)
			BeforeProcessingInitializeOnLoad (129ms)
			ProcessInitializeOnLoadAttributes (379ms)
			ProcessInitializeOnLoadMethodAttributes (54ms)
			AfterProcessingInitializeOnLoad (21ms)
			EditorAssembliesLoaded (0ms)
		ExecutionOrderSort2 (0ms)
		AwakeInstancesAfterBackupRestoration (17ms)
Refreshing native plugins compatible for Editor in 19.64 ms, found 4 plugins.
Preloading 0 native plugins for Editor in 0.00 ms.
Unloading 4253 Unused Serialized files (Serialized files now loaded: 0)
Unloading 35 unused Assets / (105.9 KB). Loaded Objects now: 4821.
Memory consumption went from 159.8 MB to 159.7 MB.
Total: 7.243800 ms (FindLiveObjects: 0.508900 ms CreateObjectMapping: 0.307000 ms MarkObjects: 6.283800 ms  DeleteObjects: 0.141500 ms)

Prepare: number of updated asset objects reloaded= 0
AssetImportParameters requested are different than current active one (requested -> active):
  custom:container-demuxer-ogg: 62fdf1f143b41e24485cea50d1cbac27 -> 
  custom:video-decoder-ogg-theora: a1e56fd34408186e4bbccfd4996cb3dc -> 
  custom:framework-win-MediaFoundation: 216162199b28c13a410421893ffa2e32 -> 
  custom:CustomObjectIndexerAttribute: 756ad292c208cfabdd7b50bc23989ffe -> 
  custom:container-demuxer-webm: 4f35f7cbe854078d1ac9338744f61a02 -> 
  custom:container-muxer-webm: aa71ff27fc2769a1b78a27578f13a17b -> 
  custom:video-decoder-webm-vp8: 9c59270c3fd7afecdb556c50c9e8de78 -> 
  custom:SearchIndexIgnoredProperties: e643bd26f0fe6173181afceb89e7c659 -> 
  custom:AudioImporter_EditorPlatform: d09bf68614088b80899f8185d706f6e7 -> 
  custom:video-encoder-webm-vp8: eb34c28f22e8b96e1ab97ce403110664 -> 
  custom:audio-decoder-ogg-vorbis: bf7c407c2cedff20999df2af8eb42d56 -> 
  custom:audio-encoder-webm-vorbis: bf7c407c2cedff20999df2af8eb42d56 -> 
========================================================================
Received Prepare
Begin MonoManager ReloadAssembly
Symbol file LoadedFromMemory doesn't match image C:\Users\538585\Game\Library\PackageCache\com.unity.visualscripting@1.8.0\Editor\VisualScripting.Core\Dependencies\YamlDotNet\Unity.VisualScripting.YamlDotNet.dll
Symbol file LoadedFromMemory doesn't match image C:\Users\538585\Game\Library\PackageCache\com.unity.visualscripting@1.8.0\Editor\VisualScripting.Core\Dependencies\DotNetZip\Unity.VisualScripting.IonicZip.dll
- Loaded All Assemblies, in  0.938 seconds
Refreshing native plugins compatible for Editor in 13.99 ms, found 4 plugins.
Native extension for WindowsStandalone target not found
Mono: successfully reloaded assembly
- Finished resetting the current domain, in  3.432 seconds
Domain Reload Profiling: 4358ms
	BeginReloadAssembly (256ms)
		ExecutionOrderSort (0ms)
		DisableScriptedObjects (15ms)
		BackupInstance (0ms)
		ReleaseScriptingObjects (0ms)
		CreateAndSetChildDomain (50ms)
	RebuildCommonClasses (50ms)
	RebuildNativeTypeToScriptingClass (18ms)
	initialDomainReloadingComplete (58ms)
	LoadAllAssembliesAndSetupDomain (542ms)
		LoadAssemblies (652ms)
		RebuildTransferFunctionScriptingTraits (0ms)
		AnalyzeDomain (38ms)
			TypeCache.Refresh (12ms)
				TypeCache.ScanAssembly (0ms)
			ScanForSourceGeneratedMonoScriptInfo (16ms)
			ResolveRequiredComponents (9ms)
	FinalizeReload (3432ms)
		ReleaseScriptCaches (0ms)
		RebuildScriptCaches (0ms)
		SetupLoadedEditorAssemblies (604ms)
			LogAssemblyErrors (0ms)
			InitializePlatformSupportModulesInManaged (11ms)
			SetLoadedEditorAssemblies (6ms)
			RefreshPlugins (0ms)
			BeforeProcessingInitializeOnLoad (123ms)
			ProcessInitializeOnLoadAttributes (393ms)
			ProcessInitializeOnLoadMethodAttributes (47ms)
			AfterProcessingInitializeOnLoad (23ms)
			EditorAssembliesLoaded (0ms)
		ExecutionOrderSort2 (0ms)
		AwakeInstancesAfterBackupRestoration (17ms)
Refreshing native plugins compatible for Editor in 14.66 ms, found 4 plugins.
Preloading 0 native plugins for Editor in 0.00 ms.
Unloading 4253 Unused Serialized files (Serialized files now loaded: 0)
Unloading 35 unused Assets / (105.9 KB). Loaded Objects now: 4835.
Memory consumption went from 161.7 MB to 161.6 MB.
Total: 4.577300 ms (FindLiveObjects: 0.463300 ms CreateObjectMapping: 0.136100 ms MarkObjects: 3.878000 ms  DeleteObjects: 0.098400 ms)

Prepare: number of updated asset objects reloaded= 0
AssetImportParameters requested are different than current active one (requested -> active):
  custom:container-demuxer-ogg: 62fdf1f143b41e24485cea50d1cbac27 -> 
  custom:video-decoder-ogg-theora: a1e56fd34408186e4bbccfd4996cb3dc -> 
  custom:framework-win-MediaFoundation: 216162199b28c13a410421893ffa2e32 -> 
  custom:CustomObjectIndexerAttribute: 756ad292c208cfabdd7b50bc23989ffe -> 
  custom:container-demuxer-webm: 4f35f7cbe854078d1ac9338744f61a02 -> 
  custom:container-muxer-webm: aa71ff27fc2769a1b78a27578f13a17b -> 
  custom:video-decoder-webm-vp8: 9c59270c3fd7afecdb556c50c9e8de78 -> 
  custom:SearchIndexIgnoredProperties: e643bd26f0fe6173181afceb89e7c659 -> 
  custom:AudioImporter_EditorPlatform: d09bf68614088b80899f8185d706f6e7 -> 
  custom:video-encoder-webm-vp8: eb34c28f22e8b96e1ab97ce403110664 -> 
  custom:audio-decoder-ogg-vorbis: bf7c407c2cedff20999df2af8eb42d56 -> 
  custom:audio-encoder-webm-vorbis: bf7c407c2cedff20999df2af8eb42d56 -> 
========================================================================
Received Prepare
Begin MonoManager ReloadAssembly
Symbol file LoadedFromMemory doesn't match image C:\Users\538585\Game\Library\PackageCache\com.unity.visualscripting@1.8.0\Editor\VisualScripting.Core\Dependencies\YamlDotNet\Unity.VisualScripting.YamlDotNet.dll
Symbol file LoadedFromMemory doesn't match image C:\Users\538585\Game\Library\PackageCache\com.unity.visualscripting@1.8.0\Editor\VisualScripting.Core\Dependencies\DotNetZip\Unity.VisualScripting.IonicZip.dll
- Loaded All Assemblies, in  0.918 seconds
Refreshing native plugins compatible for Editor in 11.81 ms, found 4 plugins.
Native extension for WindowsStandalone target not found
Mono: successfully reloaded assembly
- Finished resetting the current domain, in  2.194 seconds
Domain Reload Profiling: 3098ms
	BeginReloadAssembly (284ms)
		ExecutionOrderSort (0ms)
		DisableScriptedObjects (17ms)
		BackupInstance (0ms)
		ReleaseScriptingObjects (0ms)
		CreateAndSetChildDomain (59ms)
	RebuildCommonClasses (50ms)
	RebuildNativeTypeToScriptingClass (17ms)
	initialDomainReloadingComplete (58ms)
	LoadAllAssembliesAndSetupDomain (495ms)
		LoadAssemblies (621ms)
		RebuildTransferFunctionScriptingTraits (0ms)
		AnalyzeDomain (19ms)
			TypeCache.Refresh (9ms)
				TypeCache.ScanAssembly (0ms)
			ScanForSourceGeneratedMonoScriptInfo (0ms)
			ResolveRequiredComponents (8ms)
	FinalizeReload (2194ms)
		ReleaseScriptCaches (0ms)
		RebuildScriptCaches (0ms)
		SetupLoadedEditorAssemblies (772ms)
			LogAssemblyErrors (0ms)
			InitializePlatformSupportModulesInManaged (17ms)
			SetLoadedEditorAssemblies (8ms)
			RefreshPlugins (0ms)
			BeforeProcessingInitializeOnLoad (151ms)
			ProcessInitializeOnLoadAttributes (502ms)
			ProcessInitializeOnLoadMethodAttributes (67ms)
			AfterProcessingInitializeOnLoad (27ms)
			EditorAssembliesLoaded (0ms)
		ExecutionOrderSort2 (0ms)
		AwakeInstancesAfterBackupRestoration (21ms)
Refreshing native plugins compatible for Editor in 13.43 ms, found 4 plugins.
Preloading 0 native plugins for Editor in 0.00 ms.
Unloading 4253 Unused Serialized files (Serialized files now loaded: 0)
Unloading 35 unused Assets / (107.0 KB). Loaded Objects now: 4849.
Memory consumption went from 163.7 MB to 163.5 MB.
Total: 6.171000 ms (FindLiveObjects: 0.575100 ms CreateObjectMapping: 0.626400 ms MarkObjects: 4.798700 ms  DeleteObjects: 0.168600 ms)

Prepare: number of updated asset objects reloaded= 0
AssetImportParameters requested are different than current active one (requested -> active):
  custom:container-demuxer-ogg: 62fdf1f143b41e24485cea50d1cbac27 -> 
  custom:video-decoder-ogg-theora: a1e56fd34408186e4bbccfd4996cb3dc -> 
  custom:framework-win-MediaFoundation: 216162199b28c13a410421893ffa2e32 -> 
  custom:CustomObjectIndexerAttribute: 756ad292c208cfabdd7b50bc23989ffe -> 
  custom:container-demuxer-webm: 4f35f7cbe854078d1ac9338744f61a02 -> 
  custom:container-muxer-webm: aa71ff27fc2769a1b78a27578f13a17b -> 
  custom:video-decoder-webm-vp8: 9c59270c3fd7afecdb556c50c9e8de78 -> 
  custom:SearchIndexIgnoredProperties: e643bd26f0fe6173181afceb89e7c659 -> 
  custom:AudioImporter_EditorPlatform: d09bf68614088b80899f8185d706f6e7 -> 
  custom:video-encoder-webm-vp8: eb34c28f22e8b96e1ab97ce403110664 -> 
  custom:audio-decoder-ogg-vorbis: bf7c407c2cedff20999df2af8eb42d56 -> 
  custom:audio-encoder-webm-vorbis: bf7c407c2cedff20999df2af8eb42d56 -> 
========================================================================
Received Prepare
Begin MonoManager ReloadAssembly
Symbol file LoadedFromMemory doesn't match image C:\Users\538585\Game\Library\PackageCache\com.unity.visualscripting@1.8.0\Editor\VisualScripting.Core\Dependencies\YamlDotNet\Unity.VisualScripting.YamlDotNet.dll
Symbol file LoadedFromMemory doesn't match image C:\Users\538585\Game\Library\PackageCache\com.unity.visualscripting@1.8.0\Editor\VisualScripting.Core\Dependencies\DotNetZip\Unity.VisualScripting.IonicZip.dll
- Loaded All Assemblies, in  1.020 seconds
Refreshing native plugins compatible for Editor in 12.60 ms, found 4 plugins.
Native extension for WindowsStandalone target not found
Mono: successfully reloaded assembly
- Finished resetting the current domain, in  2.217 seconds
Domain Reload Profiling: 3224ms
	BeginReloadAssembly (316ms)
		ExecutionOrderSort (0ms)
		DisableScriptedObjects (17ms)
		BackupInstance (0ms)
		ReleaseScriptingObjects (0ms)
		CreateAndSetChildDomain (63ms)
	RebuildCommonClasses (62ms)
	RebuildNativeTypeToScriptingClass (21ms)
	initialDomainReloadingComplete (70ms)
	LoadAllAssembliesAndSetupDomain (537ms)
		LoadAssemblies (695ms)
		RebuildTransferFunctionScriptingTraits (0ms)
		AnalyzeDomain (21ms)
			TypeCache.Refresh (9ms)
				TypeCache.ScanAssembly (0ms)
			ScanForSourceGeneratedMonoScriptInfo (0ms)
			ResolveRequiredComponents (9ms)
	FinalizeReload (2217ms)
		ReleaseScriptCaches (0ms)
		RebuildScriptCaches (0ms)
		SetupLoadedEditorAssemblies (690ms)
			LogAssemblyErrors (0ms)
			InitializePlatformSupportModulesInManaged (18ms)
			SetLoadedEditorAssemblies (7ms)
			RefreshPlugins (0ms)
			BeforeProcessingInitializeOnLoad (146ms)
			ProcessInitializeOnLoadAttributes (440ms)
			ProcessInitializeOnLoadMethodAttributes (55ms)
			AfterProcessingInitializeOnLoad (25ms)
			EditorAssembliesLoaded (1ms)
		ExecutionOrderSort2 (0ms)
		AwakeInstancesAfterBackupRestoration (23ms)
Refreshing native plugins compatible for Editor in 24.96 ms, found 4 plugins.
Preloading 0 native plugins for Editor in 0.00 ms.
Unloading 4253 Unused Serialized files (Serialized files now loaded: 0)
Unloading 35 unused Assets / (105.9 KB). Loaded Objects now: 4863.
Memory consumption went from 165.6 MB to 165.5 MB.
Total: 5.642600 ms (FindLiveObjects: 0.498300 ms CreateObjectMapping: 0.463800 ms MarkObjects: 4.566800 ms  DeleteObjects: 0.112000 ms)

Prepare: number of updated asset objects reloaded= 0
AssetImportParameters requested are different than current active one (requested -> active):
  custom:container-demuxer-ogg: 62fdf1f143b41e24485cea50d1cbac27 -> 
  custom:video-decoder-ogg-theora: a1e56fd34408186e4bbccfd4996cb3dc -> 
  custom:framework-win-MediaFoundation: 216162199b28c13a410421893ffa2e32 -> 
  custom:CustomObjectIndexerAttribute: 756ad292c208cfabdd7b50bc23989ffe -> 
  custom:container-demuxer-webm: 4f35f7cbe854078d1ac9338744f61a02 -> 
  custom:container-muxer-webm: aa71ff27fc2769a1b78a27578f13a17b -> 
  custom:video-decoder-webm-vp8: 9c59270c3fd7afecdb556c50c9e8de78 -> 
  custom:SearchIndexIgnoredProperties: e643bd26f0fe6173181afceb89e7c659 -> 
  custom:AudioImporter_EditorPlatform: d09bf68614088b80899f8185d706f6e7 -> 
  custom:video-encoder-webm-vp8: eb34c28f22e8b96e1ab97ce403110664 -> 
  custom:audio-decoder-ogg-vorbis: bf7c407c2cedff20999df2af8eb42d56 -> 
  custom:audio-encoder-webm-vorbis: bf7c407c2cedff20999df2af8eb42d56 -> 
========================================================================
Received Import Request.
  Time since last request: 641.513331 seconds.
  path: Assets/Goober/Run/Run.anim
  artifactKey: Guid(0f5915f594fc3194eadeac9884be345a) Importer(815301076,1909f56bfc062723c751e8b465ee728b)
Start importing Assets/Goober/Run/Run.anim using Guid(0f5915f594fc3194eadeac9884be345a) Importer(815301076,1909f56bfc062723c751e8b465ee728b)  -> (artifact id: '773daf02baf7aa6c11e6c161184c55a0') in 0.035043 seconds
Number of updated asset objects reloaded before import = 0
Number of asset objects unloaded after import = 1
========================================================================
Received Import Request.
  Time since last request: 9.817245 seconds.
  path: Assets/Goober/Idle/Idle.anim
  artifactKey: Guid(720efe78f9715b84a926294630dcda49) Importer(815301076,1909f56bfc062723c751e8b465ee728b)
Start importing Assets/Goober/Idle/Idle.anim using Guid(720efe78f9715b84a926294630dcda49) Importer(815301076,1909f56bfc062723c751e8b465ee728b)  -> (artifact id: '6287d45a04b51da48e3cbbfe9df052e2') in 0.005131 seconds
Number of updated asset objects reloaded before import = 0
Number of asset objects unloaded after import = 1
========================================================================
Received Prepare
Begin MonoManager ReloadAssembly
Symbol file LoadedFromMemory doesn't match image C:\Users\538585\Game\Library\PackageCache\com.unity.visualscripting@1.8.0\Editor\VisualScripting.Core\Dependencies\YamlDotNet\Unity.VisualScripting.YamlDotNet.dll
Symbol file LoadedFromMemory doesn't match image C:\Users\538585\Game\Library\PackageCache\com.unity.visualscripting@1.8.0\Editor\VisualScripting.Core\Dependencies\DotNetZip\Unity.VisualScripting.IonicZip.dll
- Loaded All Assemblies, in  0.939 seconds
Refreshing native plugins compatible for Editor in 10.93 ms, found 4 plugins.
Native extension for WindowsStandalone target not found
Mono: successfully reloaded assembly
- Finished resetting the current domain, in  2.238 seconds
Domain Reload Profiling: 3160ms
	BeginReloadAssembly (265ms)
		ExecutionOrderSort (0ms)
		DisableScriptedObjects (14ms)
		BackupInstance (0ms)
		ReleaseScriptingObjects (0ms)
		CreateAndSetChildDomain (49ms)
	RebuildCommonClasses (54ms)
	RebuildNativeTypeToScriptingClass (16ms)
	initialDomainReloadingComplete (69ms)
	LoadAllAssembliesAndSetupDomain (518ms)
		LoadAssemblies (655ms)
		RebuildTransferFunctionScriptingTraits (0ms)
		AnalyzeDomain (17ms)
			TypeCache.Refresh (7ms)
				TypeCache.ScanAssembly (0ms)
			ScanForSourceGeneratedMonoScriptInfo (0ms)
			ResolveRequiredComponents (8ms)
	FinalizeReload (2238ms)
		ReleaseScriptCaches (0ms)
		RebuildScriptCaches (0ms)
		SetupLoadedEditorAssemblies (757ms)
			LogAssemblyErrors (0ms)
			InitializePlatformSupportModulesInManaged (15ms)
			SetLoadedEditorAssemblies (8ms)
			RefreshPlugins (0ms)
			BeforeProcessingInitializeOnLoad (160ms)
			ProcessInitializeOnLoadAttributes (479ms)
			ProcessInitializeOnLoadMethodAttributes (66ms)
			AfterProcessingInitializeOnLoad (28ms)
			EditorAssembliesLoaded (0ms)
		ExecutionOrderSort2 (0ms)
		AwakeInstancesAfterBackupRestoration (20ms)
Refreshing native plugins compatible for Editor in 14.58 ms, found 4 plugins.
Preloading 0 native plugins for Editor in 0.00 ms.
Unloading 4252 Unused Serialized files (Serialized files now loaded: 0)
Unloading 35 unused Assets / (105.9 KB). Loaded Objects now: 4877.
Memory consumption went from 167.3 MB to 167.2 MB.
Total: 6.332300 ms (FindLiveObjects: 0.595500 ms CreateObjectMapping: 0.717300 ms MarkObjects: 4.864300 ms  DeleteObjects: 0.153000 ms)

Prepare: number of updated asset objects reloaded= 0
AssetImportParameters requested are different than current active one (requested -> active):
  custom:container-demuxer-ogg: 62fdf1f143b41e24485cea50d1cbac27 -> 
  custom:video-decoder-ogg-theora: a1e56fd34408186e4bbccfd4996cb3dc -> 
  custom:framework-win-MediaFoundation: 216162199b28c13a410421893ffa2e32 -> 
  custom:CustomObjectIndexerAttribute: 756ad292c208cfabdd7b50bc23989ffe -> 
  custom:container-demuxer-webm: 4f35f7cbe854078d1ac9338744f61a02 -> 
  custom:container-muxer-webm: aa71ff27fc2769a1b78a27578f13a17b -> 
  custom:video-decoder-webm-vp8: 9c59270c3fd7afecdb556c50c9e8de78 -> 
  custom:SearchIndexIgnoredProperties: e643bd26f0fe6173181afceb89e7c659 -> 
  custom:AudioImporter_EditorPlatform: d09bf68614088b80899f8185d706f6e7 -> 
  custom:video-encoder-webm-vp8: eb34c28f22e8b96e1ab97ce403110664 -> 
  custom:audio-decoder-ogg-vorbis: bf7c407c2cedff20999df2af8eb42d56 -> 
  custom:audio-encoder-webm-vorbis: bf7c407c2cedff20999df2af8eb42d56 -> 
========================================================================
Received Prepare
Begin MonoManager ReloadAssembly
Symbol file LoadedFromMemory doesn't match image C:\Users\538585\Game\Library\PackageCache\com.unity.visualscripting@1.8.0\Editor\VisualScripting.Core\Dependencies\YamlDotNet\Unity.VisualScripting.YamlDotNet.dll
Symbol file LoadedFromMemory doesn't match image C:\Users\538585\Game\Library\PackageCache\com.unity.visualscripting@1.8.0\Editor\VisualScripting.Core\Dependencies\DotNetZip\Unity.VisualScripting.IonicZip.dll
- Loaded All Assemblies, in  3.526 seconds
Refreshing native plugins compatible for Editor in 10.20 ms, found 4 plugins.
Native extension for WindowsStandalone target not found
Mono: successfully reloaded assembly
- Finished resetting the current domain, in 28.381 seconds
Domain Reload Profiling: 31896ms
	BeginReloadAssembly (434ms)
		ExecutionOrderSort (0ms)
		DisableScriptedObjects (20ms)
		BackupInstance (0ms)
		ReleaseScriptingObjects (0ms)
		CreateAndSetChildDomain (70ms)
	RebuildCommonClasses (194ms)
	RebuildNativeTypeToScriptingClass (16ms)
	initialDomainReloadingComplete (71ms)
	LoadAllAssembliesAndSetupDomain (2799ms)
		LoadAssemblies (3034ms)
		RebuildTransferFunctionScriptingTraits (0ms)
		AnalyzeDomain (46ms)
			TypeCache.Refresh (19ms)
				TypeCache.ScanAssembly (0ms)
			ScanForSourceGeneratedMonoScriptInfo (16ms)
			ResolveRequiredComponents (10ms)
	FinalizeReload (28382ms)
		ReleaseScriptCaches (0ms)
		RebuildScriptCaches (0ms)
		SetupLoadedEditorAssemblies (672ms)
			LogAssemblyErrors (0ms)
			InitializePlatformSupportModulesInManaged (21ms)
			SetLoadedEditorAssemblies (7ms)
			RefreshPlugins (0ms)
			BeforeProcessingInitializeOnLoad (135ms)
			ProcessInitializeOnLoadAttributes (420ms)
			ProcessInitializeOnLoadMethodAttributes (63ms)
			AfterProcessingInitializeOnLoad (25ms)
			EditorAssembliesLoaded (1ms)
		ExecutionOrderSort2 (0ms)
		AwakeInstancesAfterBackupRestoration (21ms)
Refreshing native plugins compatible for Editor in 22.08 ms, found 4 plugins.
Preloading 0 native plugins for Editor in 0.00 ms.
Unloading 4253 Unused Serialized files (Serialized files now loaded: 0)
Unloading 35 unused Assets / (106.0 KB). Loaded Objects now: 4891.
Memory consumption went from 169.5 MB to 169.4 MB.
Total: 11.590000 ms (FindLiveObjects: 0.555700 ms CreateObjectMapping: 0.361300 ms MarkObjects: 10.561600 ms  DeleteObjects: 0.109100 ms)

Prepare: number of updated asset objects reloaded= 0
AssetImportParameters requested are different than current active one (requested -> active):
  custom:container-demuxer-ogg: 62fdf1f143b41e24485cea50d1cbac27 -> 
  custom:video-decoder-ogg-theora: a1e56fd34408186e4bbccfd4996cb3dc -> 
  custom:framework-win-MediaFoundation: 216162199b28c13a410421893ffa2e32 -> 
  custom:CustomObjectIndexerAttribute: 756ad292c208cfabdd7b50bc23989ffe -> 
  custom:container-demuxer-webm: 4f35f7cbe854078d1ac9338744f61a02 -> 
  custom:container-muxer-webm: aa71ff27fc2769a1b78a27578f13a17b -> 
  custom:video-decoder-webm-vp8: 9c59270c3fd7afecdb556c50c9e8de78 -> 
  custom:SearchIndexIgnoredProperties: e643bd26f0fe6173181afceb89e7c659 -> 
  custom:AudioImporter_EditorPlatform: d09bf68614088b80899f8185d706f6e7 -> 
  custom:video-encoder-webm-vp8: eb34c28f22e8b96e1ab97ce403110664 -> 
  custom:audio-decoder-ogg-vorbis: bf7c407c2cedff20999df2af8eb42d56 -> 
  custom:audio-encoder-webm-vorbis: bf7c407c2cedff20999df2af8eb42d56 -> 
